<?xml version="1.0" encoding="UTF-8"?>
<!-- Generated by org.testng.reporters.JUnitReportReporter -->
<testsuite hostname="LAPTOP-FJD5Q4A9" failures="0" tests="1" name="SeleniumProject.ExtentReports.ExtentReportDemo" time="27.645" errors="0" timestamp="2024-05-12T04:39:02 IST" skipped="0">
  <testcase classname="SeleniumProject.ExtentReports.ExtentReportDemo" name="initialDemo" time="27.645"/>
</testsuite> <!-- SeleniumProject.ExtentReports.ExtentReportDemo -->
